<?xml version="1.0" encoding="UTF-8"?>
<testsuites name="Mocha Tests" time="7.028" tests="9" failures="1">
  <testsuite name="Root Suite" timestamp="2024-05-22T17:01:07" tests="0" file="cypress/e2e/2-advanced-examples/assertions.cy.js" time="0.000" failures="0">
  </testsuite>
  <testsuite name="Assertions" timestamp="2024-05-22T17:01:07" tests="0" time="0.000" failures="0">
  </testsuite>
  <testsuite name="Implicit Assertions" timestamp="2024-05-22T17:01:07" tests="2" time="5.072" failures="1">
    <testcase name="Assertions Implicit Assertions .should() - make an assertion about the current subject" time="0.130" classname=".should() - make an assertion about the current subject">
    </testcase>
    <testcase name="Assertions Implicit Assertions .and() - chain multiple assertions together" time="0.000" classname=".and() - chain multiple assertions together">
      <failure message="Timed out retrying after 4000ms: expected &apos;https://on.cypress.io&apos; to include &apos;cypress.ios&apos;" type="AssertionError"><![CDATA[AssertionError: Timed out retrying after 4000ms: expected 'https://on.cypress.io' to include 'cypress.ios'
    at Context.eval (webpack://cypress/./cypress/e2e/2-advanced-examples/assertions.cy.js:46:9)]]></failure>
    </testcase>
  </testsuite>
  <testsuite name="Explicit Assertions" timestamp="2024-05-22T17:01:13" tests="7" time="1.953" failures="0">
    <testcase name="Assertions Explicit Assertions expect - make an assertion about a specified subject" time="0.050" classname="expect - make an assertion about a specified subject">
    </testcase>
    <testcase name="Assertions Explicit Assertions pass your own callback function to should()" time="0.051" classname="pass your own callback function to should()">
    </testcase>
    <testcase name="Assertions Explicit Assertions finds element by class name regex" time="0.052" classname="finds element by class name regex">
    </testcase>
    <testcase name="Assertions Explicit Assertions can throw any error" time="0.049" classname="can throw any error">
    </testcase>
    <testcase name="Assertions Explicit Assertions matches unknown text between two elements" time="0.049" classname="matches unknown text between two elements">
    </testcase>
    <testcase name="Assertions Explicit Assertions assert - assert shape of an object" time="0.053" classname="assert - assert shape of an object">
    </testcase>
    <testcase name="Assertions Explicit Assertions retries the should callback until assertions pass" time="1.562" classname="retries the should callback until assertions pass">
    </testcase>
  </testsuite>
</testsuites>